1619865141932:sign in priviliged admin admin
1619865150951:exit
1620040444989:sign in priviliged adm admin
1620040558440:sign in oriviliged adn admin
1620040574594:sign in priviliged adm admin
1620040591580:sign in priviliged admin admin
1620040703996:sign in priviliged adm admin
1620040839299:exit
1620047142889:create movie "alma" "drama" 120
1620047159138:sign in priviliged admin admin
1620047173607:create movie "alma" "al" 120
1620047572312:sign in priviliged admin admin
1620047580333:create movie alma al 120
1620047591042:create korte kor 200
1620047620017:create
1620047629893:create movie korte kor 200
1620047636003:list movies
1620047967822:sign in priviliged admin admin
1620047975004:create movie alma al 120
1620047983115:create movie körte kor 220
1620047986320:list movies
1620048002056:exit
1620048336123:sign in priviliged admin admin
1620048344594:create movie alma al
1620048355091:exit
1620049477746:sign in priviliged admin admin
1620049485976:create movie alma al
1620049500076:create movie alma al 120
1620049504069:list movies
1620049661330:sign in priviliged admin admin
1620049669150:create movie al alma
1620049676066:exit
1620049737355:sign in priviliged admin admin
1620049742773:create movie alma al
1620050510105:sign in priviliged admin admin
1620050520679:create movie alma korte 120
1620050534545:update movie alma alma 130
1620050538740:list movies
1620050566478:sign out
1620050576126:create movie alma al 120
1620050585413:list movies
1620050590356:exit
1620051187723:sign in priviliged admin admin
1620051196599:create movie alma al 120
1620051207004:create korte kor 220
1620051219110:create movie korte kor 220
1620051223879:list movies
1620051244959:update movie korte kerte 100
1620051248970:list movies
1620051256755:delete movie korte
1620051260230:list movies
1620051264458:exit
1620055211440:sign in priviliged admin admin
1620055221358:create movie alma al 120
1620055231154:list movies
1620055243301:delete movie alma
1620055262143:exit
1620055599528:sign in priviliged admin admin
1620055605519:create movie alma al 120
1620055625436:create movie kenyer keny 120
1620055633417:create movie kk k
1620056877903:sign in priviliged admin admin
1620056887435:create movie alma al 120
1620056892045:list movies
1620056902423:create movie alma al 100
1620056922678:create movie al al
1620057054523:sign in priviliged admin admin
1620057063075:create movie alma
1620057087477:exit
1620057955419:sign in priviliged admin admin
1620057966076:create movie alma alma 120
1620057978366:update movie kenyer kkk 120
1620058023144:delete movie kk k 120
1620058040876:delete movie kk
1620058048103:exit
1620058816556:sign in priviliged admin admin
1620058827812:create movie alma alma 120
1620058848732:list movies
1620058851599:exit
1620063587048:sign in priviliged admin admin
1620063597769:create movie alma alm 0
1620063608696:list movies
1620063693111:create movie alma al 0
1620063699580:exit
1620063985158:sign in priviliged admin admin
1620063993869:create movie alma al 0
1620064092571:sign in priviliged admin admin
1620064101728:create movie alma al 0
1620064110859:exit
1620070954981:create room name 10 10
1620071000472:sign in priviliged admin admin
1620071010471:create room rooo 10 10
1620071014167:exit
1620071097470:create room alm 10 10
1620071110916:sign in priviliged admin admin
1620071121159:create room rooo 10 10
1620071142380:sign out
1620071154100:create room roo 10 10
1620071158128:exit
1620072907925:sign in priviliged admin admin
1620072921422:create room alma 10 10
1620072969891:create room alma 15 15
1620072974274:exit
1620073008452:sign in priviliged admin admin
1620073017432:create room alma 10 10
1620073030057:update ama 15 15
1620073040162:update room alm 15 15
1620073049609:update room alma 10 15
1620073052723:exit
1620073736957:sign in priviliged admin admin
1620073746217:create room aa 0 10
1620073754722:create room bb 2 2
1620073762999:list rooms
1620073789872:update room bb 10 10
1620073795650:list rooms
1620073807708:delete room aa
1620073811932:list rooms
1620073816468:exit
